This is pdfTeX, Version 3.1415926-1.40.10 (TeX Live 2009/Debian) (format=pdflatex 2013.3.17)  2 MAY 2013 22:43
entering extended mode
 %&-line parsing enabled.
**clg11_cs211_a2.tex
(./clg11_cs211_a2.tex
LaTeX2e <2009/09/24>
Babel <v3.8l> and hyphenation patterns for english, usenglishmax, dumylang, noh
yphenation, farsi, arabic, croatian, bulgarian, ukrainian, russian, czech, slov
ak, danish, dutch, finnish, french, basque, ngerman, german, german-x-2009-06-1
9, ngerman-x-2009-06-19, ibycus, monogreek, greek, ancientgreek, hungarian, san
skrit, italian, latin, latvian, lithuanian, mongolian2a, mongolian, bokmal, nyn
orsk, romanian, irish, coptic, serbian, turkish, welsh, esperanto, uppersorbian
, estonian, indonesian, interlingua, icelandic, kurmanji, slovenian, polish, po
rtuguese, spanish, galician, catalan, swedish, ukenglish, pinyin, loaded.
(./acm_proc_article-sp.cls
(/usr/share/texmf-texlive/tex/latex/graphics/epsfig.sty
Package: epsfig 1999/02/16 v1.7a (e)psfig emulation (SPQR)

(/usr/share/texmf-texlive/tex/latex/graphics/graphicx.sty
Package: graphicx 1999/02/16 v1.0f Enhanced LaTeX Graphics (DPC,SPQR)

(/usr/share/texmf-texlive/tex/latex/graphics/keyval.sty
Package: keyval 1999/03/16 v1.13 key=value parser (DPC)
\KV@toks@=\toks14
)
(/usr/share/texmf-texlive/tex/latex/graphics/graphics.sty
Package: graphics 2009/02/05 v1.0o Standard LaTeX Graphics (DPC,SPQR)

(/usr/share/texmf-texlive/tex/latex/graphics/trig.sty
Package: trig 1999/03/16 v1.09 sin cos tan (DPC)
)
(/etc/texmf/tex/latex/config/graphics.cfg
File: graphics.cfg 2009/08/28 v1.8 graphics configuration of TeX Live
)
Package graphics Info: Driver file: pdftex.def on input line 91.

(/usr/share/texmf-texlive/tex/latex/pdftex-def/pdftex.def
File: pdftex.def 2010/03/12 v0.04p Graphics/color for pdfTeX
\Gread@gobject=\count79
))
\Gin@req@height=\dimen102
\Gin@req@width=\dimen103
)
\epsfxsize=\dimen104
\epsfysize=\dimen105
)
(/usr/share/texmf-texlive/tex/latex/amsfonts/amssymb.sty
Package: amssymb 2009/06/22 v3.00

(/usr/share/texmf-texlive/tex/latex/amsfonts/amsfonts.sty
Package: amsfonts 2009/06/22 v3.00 Basic AMSFonts support
\@emptytoks=\toks15
\symAMSa=\mathgroup4
\symAMSb=\mathgroup5
LaTeX Font Info:    Overwriting math alphabet `\mathfrak' in version `bold'
(Font)                  U/euf/m/n --> U/euf/b/n on input line 96.
))
(/usr/share/texmf-texlive/tex/latex/amsmath/amsmath.sty
Package: amsmath 2000/07/18 v2.13 AMS math features
\@mathmargin=\skip41

For additional information on amsmath, use the `?' option.
(/usr/share/texmf-texlive/tex/latex/amsmath/amstext.sty
Package: amstext 2000/06/29 v2.01

(/usr/share/texmf-texlive/tex/latex/amsmath/amsgen.sty
File: amsgen.sty 1999/11/30 v2.0
\@emptytoks=\toks16
\ex@=\dimen106
))
(/usr/share/texmf-texlive/tex/latex/amsmath/amsbsy.sty
Package: amsbsy 1999/11/29 v1.2d
\pmbraise@=\dimen107
)
(/usr/share/texmf-texlive/tex/latex/amsmath/amsopn.sty
Package: amsopn 1999/12/14 v2.01 operator names
)
\inf@bad=\count80
LaTeX Info: Redefining \frac on input line 211.
\uproot@=\count81
\leftroot@=\count82
LaTeX Info: Redefining \overline on input line 307.
\classnum@=\count83
\DOTSCASE@=\count84
LaTeX Info: Redefining \ldots on input line 379.
LaTeX Info: Redefining \dots on input line 382.
LaTeX Info: Redefining \cdots on input line 467.
\Mathstrutbox@=\box26
\strutbox@=\box27
\big@size=\dimen108
LaTeX Font Info:    Redeclaring font encoding OML on input line 567.
LaTeX Font Info:    Redeclaring font encoding OMS on input line 568.
\macc@depth=\count85
\c@MaxMatrixCols=\count86
\dotsspace@=\muskip10
\c@parentequation=\count87
\dspbrk@lvl=\count88
\tag@help=\toks17
\row@=\count89
\column@=\count90
\maxfields@=\count91
\andhelp@=\toks18
\eqnshift@=\dimen109
\alignsep@=\dimen110
\tagshift@=\dimen111
\tagwidth@=\dimen112
\totwidth@=\dimen113
\lineht@=\dimen114
\@envbody=\toks19
\multlinegap=\skip42
\multlinetaggap=\skip43
\mathdisplay@stack=\toks20
LaTeX Info: Redefining \[ on input line 2666.
LaTeX Info: Redefining \] on input line 2667.
)
Document Class 'acm_proc_article-sp' <22nd. April '09>. Modified by G.K.M. Tobi
n
Based in part upon document Style `acmconf' <22 May 89>. Hacked 4/91 by
shivers@cs.cmu.edu, 4/93 by theobald@cs.mcgill.ca
Excerpts were taken from (Journal Style) 'esub2acm.cls'.
****** Bugs/comments/suggestions to Gerry Murray -- murray@hq.acm.org ******
\footheight=\dimen115
\@maxsep=\dimen116
\@dblmaxsep=\dimen117
\aucount=\count92
\originalaucount=\count93
\auwidth=\dimen118
\auskip=\dimen119
\auskipcount=\count94
\auskip=\dimen120
\allauboxes=\dimen121
\addauthors=\toks21
\addauflag=\count95
\subtitletext=\toks22
\savesection=\count96
\sectioncntr=\count97
\c@figure=\count98
\c@table=\count99
\titleboxnotes=\toks23
\titleboxnoteflag=\count100
Document Class: acm_proc_article-sp 2009/04/22 - V3.2SP - based on esub2acm.sty
 <23 April 96>
(/usr/share/texmf-texlive/tex/latex/base/latexsym.sty
Package: latexsym 1998/08/17 v2.2e Standard LaTeX package (lasy symbols)
\symlasy=\mathgroup6
LaTeX Font Info:    Overwriting symbol font `lasy' in version `bold'
(Font)                  U/lasy/m/n --> U/lasy/b/n on input line 47.
)
\@acmtitlebox=\box28
\titlenotecount=\count101
\tntoks=\toks24
\tntokstwo=\toks25
\tntoksthree=\toks26
\tntoksfour=\toks27
\tntoksfive=\toks28
\catcount=\count102
\copyrightnotice=\toks29
\conf=\toks30
\confinfo=\toks31
\c@part=\count103
\c@section=\count104
\c@subsection=\count105
\c@subsubsection=\count106
\c@paragraph=\count107

Using 'Abbrev' bibliography style
LaTeX Info: Redefining \cite on input line 1237.
\bibindent=\dimen122
\colcntr=\count108
\saveb@x=\box29
\copyrtyr=\toks32
\acmcopyr=\toks33
\boilerplate=\toks34
\copyrightetc=\toks35
(/usr/share/texmf-texlive/tex/latex/base/fontenc.sty
Package: fontenc 2005/09/27 v1.99g Standard LaTeX package

(/usr/share/texmf-texlive/tex/latex/base/t1enc.def
File: t1enc.def 2005/09/27 v1.99g Standard LaTeX file
LaTeX Font Info:    Redeclaring font encoding T1 on input line 43.
)
LaTeX Font Info:    Try loading font information for T1+aer on input line 100.

(/usr/share/texmf-texlive/tex/latex/ae/t1aer.fd
File: t1aer.fd 1997/11/16 Font definitions for T1/aer.
)))
(/usr/share/texmf-texlive/tex/latex/float/float.sty
Package: float 2001/11/08 v1.3d Float enhancements (AL)
\c@float@type=\count109
\float@exts=\toks36
\float@box=\box30
\@float@everytoks=\toks37
\@floatcapt=\box31
) (./clg11_cs211_a2.aux

LaTeX Warning: Label `notes' multiply defined.


LaTeX Warning: Label `notes' multiply defined.


LaTeX Warning: Label `notes' multiply defined.


LaTeX Warning: Label `notes' multiply defined.

)
\openout1 = `clg11_cs211_a2.aux'.

LaTeX Font Info:    Checking defaults for OML/cmm/m/it on input line 32.
LaTeX Font Info:    ... okay on input line 32.
LaTeX Font Info:    Checking defaults for T1/cmr/m/n on input line 32.
LaTeX Font Info:    ... okay on input line 32.
LaTeX Font Info:    Checking defaults for OT1/cmr/m/n on input line 32.
LaTeX Font Info:    ... okay on input line 32.
LaTeX Font Info:    Checking defaults for OMS/cmsy/m/n on input line 32.
LaTeX Font Info:    ... okay on input line 32.
LaTeX Font Info:    Checking defaults for OMX/cmex/m/n on input line 32.
LaTeX Font Info:    ... okay on input line 32.
LaTeX Font Info:    Checking defaults for U/cmr/m/n on input line 32.
LaTeX Font Info:    ... okay on input line 32.
 (/usr/share/texmf-texlive/tex/context/base/supp-pdf.mkii
[Loading MPS to PDF converter (version 2006.09.02).]
\scratchcounter=\count110
\scratchdimen=\dimen123
\scratchbox=\box32
\nofMPsegments=\count111
\nofMParguments=\count112
\everyMPshowfont=\toks38
\MPscratchCnt=\count113
\MPscratchDim=\dimen124
\MPnumerator=\count114
\everyMPtoPDFconversion=\toks39
)
LaTeX Font Info:    Try loading font information for U+msa on input line 98.
 (/usr/share/texmf-texlive/tex/latex/amsfonts/umsa.fd
File: umsa.fd 2009/06/22 v3.00 AMS symbols A
)
LaTeX Font Info:    Try loading font information for U+msb on input line 98.

(/usr/share/texmf-texlive/tex/latex/amsfonts/umsb.fd
File: umsb.fd 2009/06/22 v3.00 AMS symbols B
)
LaTeX Font Info:    Try loading font information for U+lasy on input line 98.

(/usr/share/texmf-texlive/tex/latex/base/ulasy.fd
File: ulasy.fd 1998/08/17 v2.2e LaTeX symbol font definitions
)
Overfull \hbox (3.90468pt too wide) in paragraph at lines 142--143
\T1/aer/m/n/9 er-age com-plete a sin-gle job faster than a non-preemptive
 []

[1{/var/lib/texmf/fonts/map/pdftex/updmap/pdftex.map}


]
Overfull \hbox (4.21922pt too wide) in paragraph at lines 174--175
\T1/aer/m/n/9 sig-nif-i-cant dif-fer-ences be-tween the weighted and non-weight
ed
 []

<graph_firstjobtime1.png, id=11, 781.92125pt x 579.16376pt>
File: graph_firstjobtime1.png Graphic file (type png)

<use graph_firstjobtime1.png> [2]
<graph_firstjobtime2.png, id=16, 819.06pt x 479.7925pt>
File: graph_firstjobtime2.png Graphic file (type png)

<use graph_firstjobtime2.png>
Overfull \hbox (5.7199pt too wide) in paragraph at lines 210--211
 [][] 
 []

<graph_meantime1.png, id=17, 977.6525pt x 513.92pt>
File: graph_meantime1.png Graphic file (type png)
 <use graph_meantime1.png>
Overfull \hbox (4.41252pt too wide) in paragraph at lines 226--227
 [][] 
 []


Overfull \hbox (26.85481pt too wide) in paragraph at lines 233--234
\T1/aer/m/n/9 two new data files were cre-ated. The first ``\T1/aer/m/it/9 Test
_LongWeighted.jobs\T1/aer/m/n/9 "
 []


Overfull \hbox (7.34195pt too wide) in paragraph at lines 233--234
\T1/aer/m/n/9 con-tained a col-lec-tion of jobs that be-came pro-gres-sively lo
nger,
 []


Overfull \hbox (10.63481pt too wide) in paragraph at lines 233--234
\T1/aer/m/n/9 the greater the pri-or-ity. The sec-ond, ``\T1/aer/m/it/9 Test_Sh
ortWeighted.jobs\T1/aer/m/n/9 "
 []

<graph_meantime2.png, id=18, 824.07875pt x 529.98pt>
File: graph_meantime2.png Graphic file (type png)
 <use graph_meantime2.png>
Overfull \hbox (7.22552pt too wide) in paragraph at lines 237--238
 [][] 
 []


Overfull \hbox (6.18987pt too wide) in paragraph at lines 241--242
[]\T1/aer/m/n/9 In the first sub-test the weighted ver-sion of the lot-tery sch
edul-
 []

[3 <./graph_firstjobtime1.png (PNG copy)> <./graph_firstjobtime2.png (PNG copy)
> <./graph_meantime1.png (PNG copy)>]
<graph_cpucycles1.png, id=22, 908.39375pt x 566.115pt>
File: graph_cpucycles1.png Graphic file (type png)

<use graph_cpucycles1.png>
Overfull \hbox (5.26959pt too wide) in paragraph at lines 253--254
 [][] 
 []


Overfull \hbox (3.1013pt too wide) in paragraph at lines 259--260
[]\T1/aer/m/n/9 Somewhat sur-pris-ingly, the prob-a-bilis-tic al-go-rithms are 
faster
 []


Overfull \hbox (4.80446pt too wide) in paragraph at lines 259--260
\T1/aer/m/n/9 non-weighted lot-tery sched-ulers take ex-actly the same amount
 []

<graph_cpucycles2.png, id=23, 800.9925pt x 524.96124pt>
File: graph_cpucycles2.png Graphic file (type png)

<use graph_cpucycles2.png> [4 <./graph_meantime2.png (PNG copy)> <./graph_cpucy
cles1.png (PNG copy)> <./graph_cpucycles2.png (PNG copy)>]
Overfull \hbox (1.05826pt too wide) in paragraph at lines 300--301
[]\T1/aer/m/n/9 Interestingly and some-what sur-pris-ingly, the re-sults ob-tai
ned
 []


Overfull \hbox (5.30779pt too wide) in paragraph at lines 304--305
[]\T1/aer/m/n/9 The non-deterministic lot-tery schedul-ing al-go-rithms pro-duc
ed
 []

[5]
Overfull \hbox (3.12843pt too wide) in paragraph at lines 316--317
\T1/aer/m/n/9 the weighted, and non-weighted lot-tery schedul-ing al-go-rithms
 []


Overfull \hbox (4.1109pt too wide) in paragraph at lines 338--339
\T1/aer/m/n/9 the ex-tra pro-cess-ing re-quired for a weighted non-deterministi
c
 []

No file clg11_cs211_a2.bbl.
[6] (./clg11_cs211_a2.aux)

LaTeX Warning: There were multiply-defined labels.

 ) 
Here is how much of TeX's memory you used:
 2281 strings out of 493848
 26286 string characters out of 1152823
 84741 words of memory out of 3000000
 5520 multiletter control sequences out of 15000+50000
 48451 words of font info for 65 fonts, out of 3000000 for 9000
 714 hyphenation exceptions out of 8191
 39i,10n,26p,984b,248s stack positions out of 5000i,500n,10000p,200000b,50000s
{/usr/share/texmf-texlive/fonts/enc/dvips/base/8r.enc}</usr/share/texmf-texli
ve/fonts/type1/public/amsfonts/cm/cmbx9.pfb></usr/share/texmf-texlive/fonts/typ
e1/public/amsfonts/cm/cmr9.pfb></usr/share/texmf-texlive/fonts/type1/public/ams
fonts/cm/cmti9.pfb></usr/share/texmf-texlive/fonts/type1/urw/helvetic/uhvb8a.pf
b></usr/share/texmf-texlive/fonts/type1/urw/helvetic/uhvr8a.pfb></usr/share/tex
mf-texlive/fonts/type1/urw/times/utmb8a.pfb></usr/share/texmf-texlive/fonts/typ
e1/urw/times/utmri8a.pfb>
Output written on clg11_cs211_a2.pdf (6 pages, 321618 bytes).
PDF statistics:
 56 PDF objects out of 1000 (max. 8388607)
 0 named destinations out of 1000 (max. 500000)
 31 words of extra memory for PDF output out of 10000 (max. 10000000)

